c:\users\ogawa\desktop\2dgameprogramming\gameprogramming\debug\vc120.pdb
c:\users\ogawa\desktop\2dgameprogramming\gameprogramming\debug\vc120.idb
c:\users\ogawa\desktop\2dgameprogramming\gameprogramming\debug\cmain.obj
c:\users\ogawa\desktop\2dgameprogramming\gameprogramming\debug\main.obj
c:\users\ogawa\desktop\2dgameprogramming\gameprogramming\debug\cmatrix33.obj
c:\users\ogawa\desktop\2dgameprogramming\gameprogramming\debug\crectangle.obj
c:\users\ogawa\desktop\2dgameprogramming\gameprogramming\debug\ctank.obj
c:\users\ogawa\desktop\2dgameprogramming\gameprogramming\debug\cvector2.obj
c:\users\ogawa\desktop\2dgameprogramming\gameprogramming\debug\cbullet.obj
c:\users\ogawa\desktop\2dgameprogramming\gameprogramming\debug\cenemytank.obj
c:\users\ogawa\desktop\2dgameprogramming\gameprogramming\debug\ccollider.obj
c:\users\ogawa\desktop\2dgameprogramming\gameprogramming\debug\cplayertank.obj
c:\users\ogawa\desktop\2dgameprogramming\debug\gameprogramming.ilk
c:\users\ogawa\desktop\2dgameprogramming\debug\gameprogramming.exe
c:\users\ogawa\desktop\2dgameprogramming\debug\gameprogramming.pdb
c:\users\ogawa\desktop\2dgameprogramming\gameprogramming\debug\gameprogramming.tlog\cl.command.1.tlog
c:\users\ogawa\desktop\2dgameprogramming\gameprogramming\debug\gameprogramming.tlog\cl.read.1.tlog
c:\users\ogawa\desktop\2dgameprogramming\gameprogramming\debug\gameprogramming.tlog\cl.write.1.tlog
c:\users\ogawa\desktop\2dgameprogramming\gameprogramming\debug\gameprogramming.tlog\link.command.1.tlog
c:\users\ogawa\desktop\2dgameprogramming\gameprogramming\debug\gameprogramming.tlog\link.read.1.tlog
c:\users\ogawa\desktop\2dgameprogramming\gameprogramming\debug\gameprogramming.tlog\link.write.1.tlog
