2019/03/11 15:07:50 にビルドを開始しました。
     1>ノード 2 上のプロジェクト "C:\Users\akira\Desktop\GC2019 GC\GameProject\Fukuyama\福山チーム\セーサク\GameProgramming\GameProgramming.vcxproj" (Build ターゲット)。
     1>ClCompile:
         C:\Program Files (x86)\Microsoft Visual Studio 12.0\VC\bin\CL.exe /c /ZI /nologo /W3 /WX- /Od /Oy- /D WIN32 /D _DEBUG /D _CONSOLE /D _LIB /D _UNICODE /D UNICODE /Gm /EHsc /RTC1 /MDd /GS /fp:precise /Zc:wchar_t /Zc:forScope /Fo"Debug\\" /Fd"Debug\vc120.pdb" /Gd /TP /analyze- /errorReport:prompt CBoss.cpp CSceneGame.cpp
         CSceneGame.cpp
         CBoss.cpp
         コードを生成中...
       Link:
         C:\Program Files (x86)\Microsoft Visual Studio 12.0\VC\bin\link.exe /ERRORREPORT:PROMPT /OUT:"C:\Users\akira\Desktop\GC2019 GC\GameProject\Fukuyama\福山チーム\セーサク\Debug\GameProgramming.exe" /INCREMENTAL /NOLOGO glew32.lib glfw3.lib glfw3dll.lib kernel32.lib user32.lib gdi32.lib winspool.lib comdlg32.lib advapi32.lib shell32.lib ole32.lib oleaut32.lib uuid.lib odbc32.lib odbccp32.lib /MANIFEST /MANIFESTUAC:"level='asInvoker' uiAccess='false'" /manifest:embed /DEBUG /PDB:"C:\Users\akira\Desktop\GC2019 GC\GameProject\Fukuyama\福山チーム\セーサク\Debug\GameProgramming.pdb" /TLBID:1 /DYNAMICBASE /NXCOMPAT /IMPLIB:"C:\Users\akira\Desktop\GC2019 GC\GameProject\Fukuyama\福山チーム\セーサク\Debug\GameProgramming.lib" /MACHINE:X86 Debug\CBoss.obj
         Debug\CBullet.obj
         Debug\CCollider.obj
         Debug\CEnemyTank.obj
         Debug\CExplosion.obj
         Debug\CFPS.obj
         Debug\CHpBar.obj
         Debug\CMain.obj
         Debug\CMatrix33.obj
         Debug\CPlayerTank.obj
         Debug\CRectangle.obj
         Debug\CSceneGame.obj
         Debug\CTank.obj
         Debug\CTask.obj
         Debug\CTexture.obj
         Debug\CVector2.obj
         Debug\main.obj
         Debug\Task.obj
         Debug\TaskLinker.obj
         Debug\TaskManager.obj
     1>LINK : fatal error LNK1104: ファイル 'C:\Users\akira\Desktop\GC2019 GC\GameProject\Fukuyama\福山チーム\セーサク\Debug\GameProgramming.exe' を開くことができません。
     1>プロジェクト "C:\Users\akira\Desktop\GC2019 GC\GameProject\Fukuyama\福山チーム\セーサク\GameProgramming\GameProgramming.vcxproj" (Build ターゲット) のビルドが終了しました -- 失敗。

ビルドに失敗しました。

経過時間 00:00:01.74
